[15:17:34] [main/INFO]: Environment: authHost='https://authserver.mojang.com', accountsHost='https://api.mojang.com', sessionHost='https://sessionserver.mojang.com', servicesHost='https://api.minecraftservices.com', name='PROD'
[15:17:35] [main/WARN]: Ambiguity between arguments [teleport, destination] and [teleport, targets] with inputs: [Player, 0123, @e, dd12be42-52a9-4a91-a8a1-11c01849e498]
[15:17:35] [main/WARN]: Ambiguity between arguments [teleport, location] and [teleport, destination] with inputs: [0.1 -0.5 .9, 0 0 0]
[15:17:35] [main/WARN]: Ambiguity between arguments [teleport, location] and [teleport, targets] with inputs: [0.1 -0.5 .9, 0 0 0]
[15:17:35] [main/WARN]: Ambiguity between arguments [teleport, targets] and [teleport, destination] with inputs: [Player, 0123, dd12be42-52a9-4a91-a8a1-11c01849e498]
[15:17:35] [main/WARN]: Ambiguity between arguments [teleport, targets, location] and [teleport, targets, destination] with inputs: [0.1 -0.5 .9, 0 0 0]
[15:17:35] [main/INFO]: Reloading ResourceManager: Default
[15:17:35] [Worker-Main-14/INFO]: Loaded 7 recipes
[15:17:36] [Worker-Main-14/INFO]: Loaded 927 advancements
[15:17:37] [Server thread/INFO]: Starting minecraft server version 1.16.5
[15:17:37] [Server thread/INFO]: Loading properties
[15:17:37] [Server thread/INFO]: Default game type: SURVIVAL
[15:17:37] [Server thread/INFO]: Generating keypair
[15:17:37] [Server thread/INFO]: Starting Minecraft server on *:25565
[15:17:37] [Server thread/INFO]: Using default channel type
[15:17:37] [Server thread/WARN]: **** SERVER IS RUNNING IN OFFLINE/INSECURE MODE!
[15:17:37] [Server thread/WARN]: The server will make no attempt to authenticate usernames. Beware.
[15:17:37] [Server thread/WARN]: While this makes the game possible to play without internet access, it also opens up the ability for hackers to connect with any username they choose.
[15:17:37] [Server thread/WARN]: To change this, set "online-mode" to "true" in the server.properties file.
[15:17:37] [Server thread/INFO]: Preparing level "world"
[15:17:37] [Server thread/INFO]: Preparing start region for dimension minecraft:overworld
[15:17:38] [Server thread/INFO]: Preparing spawn area: 0%
[15:17:38] [Server thread/INFO]: Preparing spawn area: 0%
[15:17:38] [Server thread/INFO]: Preparing spawn area: 0%
[15:17:39] [Server thread/INFO]: Time elapsed: 1827 ms
[15:17:39] [Server thread/INFO]: Done (1.906s)! For help, type "help"
[15:18:25] [Server thread/INFO]: RecklessRian[/127.0.0.1:49255] logged in with entity id 149 at (747.1534866868482, 81.0, 252.3565985165441)
[15:18:25] [Server thread/INFO]: RecklessRian joined the game
[15:18:43] [Server thread/INFO]: <RecklessRian> !spawn
[15:18:44] [Server thread/INFO]: Buddybot[/[0:0:0:0:0:0:0:1]:49257] logged in with entity id 159 at (749.5, 83.0, 238.5)
[15:18:44] [Server thread/INFO]: Buddybot joined the game
[15:18:48] [Server thread/INFO]: <RecklessRian> !follow
[15:18:48] [Server thread/INFO]: <Buddybot> Okay, RecklessRian, I will follow you.
[15:18:48] [Server thread/INFO]: <Buddybot> Okay, I'll follow you.
[15:18:51] [Server thread/INFO]: <RecklessRian> !assist
[15:18:51] [Server thread/INFO]: <Buddybot> Okay, RecklessRian, I will assist you.
[15:18:56] [Server thread/INFO]: [RecklessRian: Summoned new Zombie]
[15:19:27] [Server thread/INFO]: <RecklessRian> !follow
[15:19:27] [Server thread/INFO]: <Buddybot> Okay, I'll stop following you.
[15:19:29] [Server thread/INFO]: <RecklessRian> !follow
[15:19:29] [Server thread/INFO]: <Buddybot> Okay, RecklessRian, I will follow you.
[15:19:29] [Server thread/INFO]: <Buddybot> Okay, I'll follow you.
